<?xml version="1.0" encoding="UTF-8"?>
<testsuite xmlns:xsi="http://www.w3.org/2001/XMLSchema-instance" xsi:noNamespaceSchemaLocation="https://maven.apache.org/surefire/maven-surefire-plugin/xsd/surefire-test-report.xsd" name="com.amazonaws.serverless.apprepo.api.impl.ApplicationsServiceTest" time="2.699" tests="14" errors="0" skipped="0" failures="0">
  <properties>
    <property name="gopherProxySet" value="false"/>
    <property name="awt.toolkit" value="sun.lwawt.macosx.LWCToolkit"/>
    <property name="file.encoding.pkg" value="sun.io"/>
    <property name="java.specification.version" value="1.8"/>
    <property name="sun.cpu.isalist" value=""/>
    <property name="sun.jnu.encoding" value="UTF-8"/>
    <property name="java.class.path" value="/Users/luhong/maven/projects/aws-serverless-app-repo-reference-implementation/aws-serverless-app-repo-reference-backend/target/test-classes:/Users/luhong/maven/projects/aws-serverless-app-repo-reference-implementation/aws-serverless-app-repo-reference-backend/target/classes:/Users/luhong/maven/repo/org/projectlombok/lombok/1.16.18/lombok-1.16.18.jar:/Users/luhong/maven/repo/javax/ws/rs/javax.ws.rs-api/2.1.1/javax.ws.rs-api-2.1.1.jar:/Users/luhong/maven/repo/javax/validation/validation-api/2.0.1.Final/validation-api-2.0.1.Final.jar:/Users/luhong/maven/repo/io/swagger/swagger-annotations/1.5.3/swagger-annotations-1.5.3.jar:/Users/luhong/maven/repo/org/slf4j/slf4j-api/1.7.21/slf4j-api-1.7.21.jar:/Users/luhong/maven/repo/com/amazonaws/aws-lambda-java-core/1.1.0/aws-lambda-java-core-1.1.0.jar:/Users/luhong/maven/repo/com/amazonaws/aws-lambda-java-events/2.0.2/aws-lambda-java-events-2.0.2.jar:/Users/luhong/maven/repo/joda-time/joda-time/2.6/joda-time-2.6.jar:/Users/luhong/maven/repo/software/amazon/awssdk/url-connection-client/2.8.0/url-connection-client-2.8.0.jar:/Users/luhong/maven/repo/software/amazon/awssdk/utils/2.8.0/utils-2.8.0.jar:/Users/luhong/maven/repo/org/reactivestreams/reactive-streams/1.0.2/reactive-streams-1.0.2.jar:/Users/luhong/maven/repo/software/amazon/awssdk/annotations/2.8.0/annotations-2.8.0.jar:/Users/luhong/maven/repo/software/amazon/awssdk/http-client-spi/2.8.0/http-client-spi-2.8.0.jar:/Users/luhong/maven/repo/com/amazonaws/aws-xray-recorder-sdk-aws-sdk-v2-instrumentor/2.3.0/aws-xray-recorder-sdk-aws-sdk-v2-instrumentor-2.3.0.jar:/Users/luhong/maven/repo/com/amazonaws/aws-xray-recorder-sdk-aws-sdk-v2/2.3.0/aws-xray-recorder-sdk-aws-sdk-v2-2.3.0.jar:/Users/luhong/maven/repo/com/amazonaws/aws-xray-recorder-sdk-aws-sdk-core/2.3.0/aws-xray-recorder-sdk-aws-sdk-core-2.3.0.jar:/Users/luhong/maven/repo/com/amazonaws/aws-xray-recorder-sdk-core/2.3.0/aws-xray-recorder-sdk-core-2.3.0.jar:/Users/luhong/maven/repo/com/amazonaws/aws-java-sdk-xray/1.11.398/aws-java-sdk-xray-1.11.398.jar:/Users/luhong/maven/repo/com/amazonaws/jmespath-java/1.11.398/jmespath-java-1.11.398.jar:/Users/luhong/maven/repo/com/google/guava/guava/23.6-jre/guava-23.6-jre.jar:/Users/luhong/maven/repo/com/google/code/findbugs/jsr305/1.3.9/jsr305-1.3.9.jar:/Users/luhong/maven/repo/org/checkerframework/checker-compat-qual/2.0.0/checker-compat-qual-2.0.0.jar:/Users/luhong/maven/repo/com/google/errorprone/error_prone_annotations/2.1.3/error_prone_annotations-2.1.3.jar:/Users/luhong/maven/repo/com/google/j2objc/j2objc-annotations/1.1/j2objc-annotations-1.1.jar:/Users/luhong/maven/repo/org/codehaus/mojo/animal-sniffer-annotations/1.14/animal-sniffer-annotations-1.14.jar:/Users/luhong/maven/repo/org/glassfish/jersey/core/jersey-server/2.29/jersey-server-2.29.jar:/Users/luhong/maven/repo/org/glassfish/jersey/core/jersey-common/2.29/jersey-common-2.29.jar:/Users/luhong/maven/repo/org/glassfish/hk2/osgi-resource-locator/1.0.3/osgi-resource-locator-1.0.3.jar:/Users/luhong/maven/repo/org/glassfish/jersey/core/jersey-client/2.29/jersey-client-2.29.jar:/Users/luhong/maven/repo/jakarta/ws/rs/jakarta.ws.rs-api/2.1.5/jakarta.ws.rs-api-2.1.5.jar:/Users/luhong/maven/repo/org/glassfish/jersey/media/jersey-media-jaxb/2.29/jersey-media-jaxb-2.29.jar:/Users/luhong/maven/repo/jakarta/annotation/jakarta.annotation-api/1.3.4/jakarta.annotation-api-1.3.4.jar:/Users/luhong/maven/repo/org/glassfish/hk2/external/jakarta.inject/2.5.0/jakarta.inject-2.5.0.jar:/Users/luhong/maven/repo/org/apache/commons/commons-lang3/3.9/commons-lang3-3.9.jar:/Users/luhong/maven/repo/commons-io/commons-io/2.6/commons-io-2.6.jar:/Users/luhong/maven/repo/org/modelmapper/modelmapper/2.3.5/modelmapper-2.3.5.jar:/Users/luhong/maven/repo/com/amazonaws/aws-ssm-caching-client/0.0.1/aws-ssm-caching-client-0.0.1.jar:/Users/luhong/maven/repo/software/amazon/awssdk/ssm/2.8.0/ssm-2.8.0.jar:/Users/luhong/maven/repo/com/amazonaws/serverless/aws-serverless-java-container-jersey/1.3.2/aws-serverless-java-container-jersey-1.3.2.jar:/Users/luhong/maven/repo/com/amazonaws/serverless/aws-serverless-java-container-core/1.3.2/aws-serverless-java-container-core-1.3.2.jar:/Users/luhong/maven/repo/javax/servlet/javax.servlet-api/3.1.0/javax.servlet-api-3.1.0.jar:/Users/luhong/maven/repo/com/fasterxml/jackson/module/jackson-module-afterburner/2.9.9/jackson-module-afterburner-2.9.9.jar:/Users/luhong/maven/repo/commons-fileupload/commons-fileupload/1.4/commons-fileupload-1.4.jar:/Users/luhong/maven/repo/org/apache/httpcomponents/httpmime/4.5.6/httpmime-4.5.6.jar:/Users/luhong/maven/repo/org/apache/httpcomponents/httpcore/4.4.10/httpcore-4.4.10.jar:/Users/luhong/maven/repo/org/glassfish/jersey/media/jersey-media-json-jackson/2.29/jersey-media-json-jackson-2.29.jar:/Users/luhong/maven/repo/org/glassfish/jersey/ext/jersey-entity-filtering/2.29/jersey-entity-filtering-2.29.jar:/Users/luhong/maven/repo/com/fasterxml/jackson/core/jackson-annotations/2.9.9/jackson-annotations-2.9.9.jar:/Users/luhong/maven/repo/com/fasterxml/jackson/core/jackson-databind/2.9.9/jackson-databind-2.9.9.jar:/Users/luhong/maven/repo/com/fasterxml/jackson/core/jackson-core/2.9.9/jackson-core-2.9.9.jar:/Users/luhong/maven/repo/com/fasterxml/jackson/module/jackson-module-jaxb-annotations/2.9.9/jackson-module-jaxb-annotations-2.9.9.jar:/Users/luhong/maven/repo/org/glassfish/hk2/hk2-api/2.6.1/hk2-api-2.6.1.jar:/Users/luhong/maven/repo/org/glassfish/hk2/hk2-utils/2.6.1/hk2-utils-2.6.1.jar:/Users/luhong/maven/repo/org/glassfish/hk2/external/aopalliance-repackaged/2.6.1/aopalliance-repackaged-2.6.1.jar:/Users/luhong/maven/repo/software/amazon/awssdk/dynamodb/2.8.4/dynamodb-2.8.4.jar:/Users/luhong/maven/repo/software/amazon/awssdk/aws-json-protocol/2.8.4/aws-json-protocol-2.8.4.jar:/Users/luhong/maven/repo/software/amazon/awssdk/protocol-core/2.8.4/protocol-core-2.8.4.jar:/Users/luhong/maven/repo/software/amazon/awssdk/sdk-core/2.8.4/sdk-core-2.8.4.jar:/Users/luhong/maven/repo/software/amazon/awssdk/profiles/2.8.4/profiles-2.8.4.jar:/Users/luhong/maven/repo/software/amazon/awssdk/auth/2.8.4/auth-2.8.4.jar:/Users/luhong/maven/repo/software/amazon/eventstream/eventstream/1.0.1/eventstream-1.0.1.jar:/Users/luhong/maven/repo/software/amazon/awssdk/regions/2.8.4/regions-2.8.4.jar:/Users/luhong/maven/repo/software/amazon/awssdk/aws-core/2.8.4/aws-core-2.8.4.jar:/Users/luhong/maven/repo/software/amazon/awssdk/apache-client/2.8.4/apache-client-2.8.4.jar:/Users/luhong/maven/repo/org/apache/httpcomponents/httpclient/4.5.9/httpclient-4.5.9.jar:/Users/luhong/maven/repo/commons-codec/commons-codec/1.11/commons-codec-1.11.jar:/Users/luhong/maven/repo/software/amazon/awssdk/netty-nio-client/2.8.4/netty-nio-client-2.8.4.jar:/Users/luhong/maven/repo/io/netty/netty-codec-http/4.1.39.Final/netty-codec-http-4.1.39.Final.jar:/Users/luhong/maven/repo/io/netty/netty-codec-http2/4.1.39.Final/netty-codec-http2-4.1.39.Final.jar:/Users/luhong/maven/repo/io/netty/netty-codec/4.1.39.Final/netty-codec-4.1.39.Final.jar:/Users/luhong/maven/repo/io/netty/netty-transport/4.1.39.Final/netty-transport-4.1.39.Final.jar:/Users/luhong/maven/repo/io/netty/netty-resolver/4.1.39.Final/netty-resolver-4.1.39.Final.jar:/Users/luhong/maven/repo/io/netty/netty-common/4.1.39.Final/netty-common-4.1.39.Final.jar:/Users/luhong/maven/repo/io/netty/netty-buffer/4.1.39.Final/netty-buffer-4.1.39.Final.jar:/Users/luhong/maven/repo/io/netty/netty-handler/4.1.39.Final/netty-handler-4.1.39.Final.jar:/Users/luhong/maven/repo/io/netty/netty-transport-native-epoll/4.1.39.Final/netty-transport-native-epoll-4.1.39.Final-linux-x86_64.jar:/Users/luhong/maven/repo/io/netty/netty-transport-native-unix-common/4.1.39.Final/netty-transport-native-unix-common-4.1.39.Final.jar:/Users/luhong/maven/repo/com/typesafe/netty/netty-reactive-streams-http/2.0.3/netty-reactive-streams-http-2.0.3.jar:/Users/luhong/maven/repo/com/typesafe/netty/netty-reactive-streams/2.0.3/netty-reactive-streams-2.0.3.jar:/Users/luhong/maven/repo/software/amazon/awssdk/kms/2.8.4/kms-2.8.4.jar:/Users/luhong/maven/repo/junit/junit/4.12/junit-4.12.jar:/Users/luhong/maven/repo/org/hamcrest/hamcrest-core/1.3/hamcrest-core-1.3.jar:/Users/luhong/maven/repo/org/mockito/mockito-core/2.0.100-beta/mockito-core-2.0.100-beta.jar:/Users/luhong/maven/repo/net/bytebuddy/byte-buddy/1.4.17/byte-buddy-1.4.17.jar:/Users/luhong/maven/repo/org/objenesis/objenesis/2.4/objenesis-2.4.jar:/Users/luhong/maven/repo/org/assertj/assertj-core/3.12.1/assertj-core-3.12.1.jar:/Users/luhong/maven/repo/org/apache/logging/log4j/log4j-api/2.10.0/log4j-api-2.10.0.jar:/Users/luhong/maven/repo/org/apache/logging/log4j/log4j-core/2.10.0/log4j-core-2.10.0.jar:/Users/luhong/maven/repo/org/apache/logging/log4j/log4j-slf4j-impl/2.10.0/log4j-slf4j-impl-2.10.0.jar:/Users/luhong/maven/repo/io/cucumber/cucumber-junit/4.7.0/cucumber-junit-4.7.0.jar:/Users/luhong/maven/repo/org/apiguardian/apiguardian-api/1.1.0/apiguardian-api-1.1.0.jar:/Users/luhong/maven/repo/io/cucumber/cucumber-core/4.7.0/cucumber-core-4.7.0.jar:/Users/luhong/maven/repo/io/cucumber/gherkin/5.1.0/gherkin-5.1.0.jar:/Users/luhong/maven/repo/io/cucumber/tag-expressions/1.1.1/tag-expressions-1.1.1.jar:/Users/luhong/maven/repo/io/cucumber/cucumber-expressions/7.0.2/cucumber-expressions-7.0.2.jar:/Users/luhong/maven/repo/io/cucumber/datatable/1.1.14/datatable-1.1.14.jar:/Users/luhong/maven/repo/io/cucumber/datatable-dependencies/1.1.14/datatable-dependencies-1.1.14.jar:/Users/luhong/maven/repo/io/cucumber/cucumber-java/4.7.0/cucumber-java-4.7.0.jar:/Users/luhong/maven/repo/com/amazonaws/aws-java-sdk-opensdk/1.11.392/aws-java-sdk-opensdk-1.11.392.jar:/Users/luhong/maven/repo/com/amazonaws/aws-java-sdk-core/1.11.392/aws-java-sdk-core-1.11.392.jar:/Users/luhong/maven/repo/commons-logging/commons-logging/1.1.3/commons-logging-1.1.3.jar:/Users/luhong/maven/repo/software/amazon/ion/ion-java/1.0.2/ion-java-1.0.2.jar:/Users/luhong/maven/repo/com/fasterxml/jackson/dataformat/jackson-dataformat-cbor/2.6.7/jackson-dataformat-cbor-2.6.7.jar:/Users/luhong/maven/repo/com/google/inject/guice/4.2.2/guice-4.2.2.jar:/Users/luhong/maven/repo/javax/inject/javax.inject/1/javax.inject-1.jar:/Users/luhong/maven/repo/aopalliance/aopalliance/1.0/aopalliance-1.0.jar:/Users/luhong/maven/repo/io/cucumber/cucumber-guice/4.7.2/cucumber-guice-4.7.2.jar:/Users/luhong/maven/repo/software/amazon/awssdk/cognitoidentityprovider/2.8.4/cognitoidentityprovider-2.8.4.jar:/Users/luhong/maven/repo/com/amazonaws/aws-lambda-java-log4j/1.0.0/aws-lambda-java-log4j-1.0.0.jar:/Users/luhong/maven/repo/log4j/log4j/1.2.17/log4j-1.2.17.jar:/Users/luhong/maven/repo/org/slf4j/slf4j-log4j12/1.7.26/slf4j-log4j12-1.7.26.jar:/Users/luhong/maven/repo/org/glassfish/jersey/inject/jersey-hk2/2.29/jersey-hk2-2.29.jar:/Users/luhong/maven/repo/org/glassfish/hk2/hk2-locator/2.5.0/hk2-locator-2.5.0.jar:/Users/luhong/maven/repo/org/javassist/javassist/3.22.0-CR2/javassist-3.22.0-CR2.jar:"/>
    <property name="java.vm.vendor" value="Oracle Corporation"/>
    <property name="sun.arch.data.model" value="64"/>
    <property name="java.vendor.url" value="http://java.oracle.com/"/>
    <property name="user.timezone" value=""/>
    <property name="java.vm.specification.version" value="1.8"/>
    <property name="os.name" value="Mac OS X"/>
    <property name="user.country" value="US"/>
    <property name="sun.java.launcher" value="SUN_STANDARD"/>
    <property name="sun.boot.library.path" value="/Library/Java/JavaVirtualMachines/jdk1.8.0_202.jdk/Contents/Home/jre/lib"/>
    <property name="sun.java.command" value="/Users/luhong/maven/projects/aws-serverless-app-repo-reference-implementation/aws-serverless-app-repo-reference-backend/target/surefire/surefirebooter6988686880144993785.jar /Users/luhong/maven/projects/aws-serverless-app-repo-reference-implementation/aws-serverless-app-repo-reference-backend/target/surefire 2019-09-30T22-23-39_702-jvmRun1 surefire4337518093840039077tmp surefire_04722471124230813025tmp"/>
    <property name="surefire.test.class.path" value="/Users/luhong/maven/projects/aws-serverless-app-repo-reference-implementation/aws-serverless-app-repo-reference-backend/target/test-classes:/Users/luhong/maven/projects/aws-serverless-app-repo-reference-implementation/aws-serverless-app-repo-reference-backend/target/classes:/Users/luhong/maven/repo/org/projectlombok/lombok/1.16.18/lombok-1.16.18.jar:/Users/luhong/maven/repo/javax/ws/rs/javax.ws.rs-api/2.1.1/javax.ws.rs-api-2.1.1.jar:/Users/luhong/maven/repo/javax/validation/validation-api/2.0.1.Final/validation-api-2.0.1.Final.jar:/Users/luhong/maven/repo/io/swagger/swagger-annotations/1.5.3/swagger-annotations-1.5.3.jar:/Users/luhong/maven/repo/org/slf4j/slf4j-api/1.7.21/slf4j-api-1.7.21.jar:/Users/luhong/maven/repo/com/amazonaws/aws-lambda-java-core/1.1.0/aws-lambda-java-core-1.1.0.jar:/Users/luhong/maven/repo/com/amazonaws/aws-lambda-java-events/2.0.2/aws-lambda-java-events-2.0.2.jar:/Users/luhong/maven/repo/joda-time/joda-time/2.6/joda-time-2.6.jar:/Users/luhong/maven/repo/software/amazon/awssdk/url-connection-client/2.8.0/url-connection-client-2.8.0.jar:/Users/luhong/maven/repo/software/amazon/awssdk/utils/2.8.0/utils-2.8.0.jar:/Users/luhong/maven/repo/org/reactivestreams/reactive-streams/1.0.2/reactive-streams-1.0.2.jar:/Users/luhong/maven/repo/software/amazon/awssdk/annotations/2.8.0/annotations-2.8.0.jar:/Users/luhong/maven/repo/software/amazon/awssdk/http-client-spi/2.8.0/http-client-spi-2.8.0.jar:/Users/luhong/maven/repo/com/amazonaws/aws-xray-recorder-sdk-aws-sdk-v2-instrumentor/2.3.0/aws-xray-recorder-sdk-aws-sdk-v2-instrumentor-2.3.0.jar:/Users/luhong/maven/repo/com/amazonaws/aws-xray-recorder-sdk-aws-sdk-v2/2.3.0/aws-xray-recorder-sdk-aws-sdk-v2-2.3.0.jar:/Users/luhong/maven/repo/com/amazonaws/aws-xray-recorder-sdk-aws-sdk-core/2.3.0/aws-xray-recorder-sdk-aws-sdk-core-2.3.0.jar:/Users/luhong/maven/repo/com/amazonaws/aws-xray-recorder-sdk-core/2.3.0/aws-xray-recorder-sdk-core-2.3.0.jar:/Users/luhong/maven/repo/com/amazonaws/aws-java-sdk-xray/1.11.398/aws-java-sdk-xray-1.11.398.jar:/Users/luhong/maven/repo/com/amazonaws/jmespath-java/1.11.398/jmespath-java-1.11.398.jar:/Users/luhong/maven/repo/com/google/guava/guava/23.6-jre/guava-23.6-jre.jar:/Users/luhong/maven/repo/com/google/code/findbugs/jsr305/1.3.9/jsr305-1.3.9.jar:/Users/luhong/maven/repo/org/checkerframework/checker-compat-qual/2.0.0/checker-compat-qual-2.0.0.jar:/Users/luhong/maven/repo/com/google/errorprone/error_prone_annotations/2.1.3/error_prone_annotations-2.1.3.jar:/Users/luhong/maven/repo/com/google/j2objc/j2objc-annotations/1.1/j2objc-annotations-1.1.jar:/Users/luhong/maven/repo/org/codehaus/mojo/animal-sniffer-annotations/1.14/animal-sniffer-annotations-1.14.jar:/Users/luhong/maven/repo/org/glassfish/jersey/core/jersey-server/2.29/jersey-server-2.29.jar:/Users/luhong/maven/repo/org/glassfish/jersey/core/jersey-common/2.29/jersey-common-2.29.jar:/Users/luhong/maven/repo/org/glassfish/hk2/osgi-resource-locator/1.0.3/osgi-resource-locator-1.0.3.jar:/Users/luhong/maven/repo/org/glassfish/jersey/core/jersey-client/2.29/jersey-client-2.29.jar:/Users/luhong/maven/repo/jakarta/ws/rs/jakarta.ws.rs-api/2.1.5/jakarta.ws.rs-api-2.1.5.jar:/Users/luhong/maven/repo/org/glassfish/jersey/media/jersey-media-jaxb/2.29/jersey-media-jaxb-2.29.jar:/Users/luhong/maven/repo/jakarta/annotation/jakarta.annotation-api/1.3.4/jakarta.annotation-api-1.3.4.jar:/Users/luhong/maven/repo/org/glassfish/hk2/external/jakarta.inject/2.5.0/jakarta.inject-2.5.0.jar:/Users/luhong/maven/repo/org/apache/commons/commons-lang3/3.9/commons-lang3-3.9.jar:/Users/luhong/maven/repo/commons-io/commons-io/2.6/commons-io-2.6.jar:/Users/luhong/maven/repo/org/modelmapper/modelmapper/2.3.5/modelmapper-2.3.5.jar:/Users/luhong/maven/repo/com/amazonaws/aws-ssm-caching-client/0.0.1/aws-ssm-caching-client-0.0.1.jar:/Users/luhong/maven/repo/software/amazon/awssdk/ssm/2.8.0/ssm-2.8.0.jar:/Users/luhong/maven/repo/com/amazonaws/serverless/aws-serverless-java-container-jersey/1.3.2/aws-serverless-java-container-jersey-1.3.2.jar:/Users/luhong/maven/repo/com/amazonaws/serverless/aws-serverless-java-container-core/1.3.2/aws-serverless-java-container-core-1.3.2.jar:/Users/luhong/maven/repo/javax/servlet/javax.servlet-api/3.1.0/javax.servlet-api-3.1.0.jar:/Users/luhong/maven/repo/com/fasterxml/jackson/module/jackson-module-afterburner/2.9.9/jackson-module-afterburner-2.9.9.jar:/Users/luhong/maven/repo/commons-fileupload/commons-fileupload/1.4/commons-fileupload-1.4.jar:/Users/luhong/maven/repo/org/apache/httpcomponents/httpmime/4.5.6/httpmime-4.5.6.jar:/Users/luhong/maven/repo/org/apache/httpcomponents/httpcore/4.4.10/httpcore-4.4.10.jar:/Users/luhong/maven/repo/org/glassfish/jersey/media/jersey-media-json-jackson/2.29/jersey-media-json-jackson-2.29.jar:/Users/luhong/maven/repo/org/glassfish/jersey/ext/jersey-entity-filtering/2.29/jersey-entity-filtering-2.29.jar:/Users/luhong/maven/repo/com/fasterxml/jackson/core/jackson-annotations/2.9.9/jackson-annotations-2.9.9.jar:/Users/luhong/maven/repo/com/fasterxml/jackson/core/jackson-databind/2.9.9/jackson-databind-2.9.9.jar:/Users/luhong/maven/repo/com/fasterxml/jackson/core/jackson-core/2.9.9/jackson-core-2.9.9.jar:/Users/luhong/maven/repo/com/fasterxml/jackson/module/jackson-module-jaxb-annotations/2.9.9/jackson-module-jaxb-annotations-2.9.9.jar:/Users/luhong/maven/repo/org/glassfish/hk2/hk2-api/2.6.1/hk2-api-2.6.1.jar:/Users/luhong/maven/repo/org/glassfish/hk2/hk2-utils/2.6.1/hk2-utils-2.6.1.jar:/Users/luhong/maven/repo/org/glassfish/hk2/external/aopalliance-repackaged/2.6.1/aopalliance-repackaged-2.6.1.jar:/Users/luhong/maven/repo/software/amazon/awssdk/dynamodb/2.8.4/dynamodb-2.8.4.jar:/Users/luhong/maven/repo/software/amazon/awssdk/aws-json-protocol/2.8.4/aws-json-protocol-2.8.4.jar:/Users/luhong/maven/repo/software/amazon/awssdk/protocol-core/2.8.4/protocol-core-2.8.4.jar:/Users/luhong/maven/repo/software/amazon/awssdk/sdk-core/2.8.4/sdk-core-2.8.4.jar:/Users/luhong/maven/repo/software/amazon/awssdk/profiles/2.8.4/profiles-2.8.4.jar:/Users/luhong/maven/repo/software/amazon/awssdk/auth/2.8.4/auth-2.8.4.jar:/Users/luhong/maven/repo/software/amazon/eventstream/eventstream/1.0.1/eventstream-1.0.1.jar:/Users/luhong/maven/repo/software/amazon/awssdk/regions/2.8.4/regions-2.8.4.jar:/Users/luhong/maven/repo/software/amazon/awssdk/aws-core/2.8.4/aws-core-2.8.4.jar:/Users/luhong/maven/repo/software/amazon/awssdk/apache-client/2.8.4/apache-client-2.8.4.jar:/Users/luhong/maven/repo/org/apache/httpcomponents/httpclient/4.5.9/httpclient-4.5.9.jar:/Users/luhong/maven/repo/commons-codec/commons-codec/1.11/commons-codec-1.11.jar:/Users/luhong/maven/repo/software/amazon/awssdk/netty-nio-client/2.8.4/netty-nio-client-2.8.4.jar:/Users/luhong/maven/repo/io/netty/netty-codec-http/4.1.39.Final/netty-codec-http-4.1.39.Final.jar:/Users/luhong/maven/repo/io/netty/netty-codec-http2/4.1.39.Final/netty-codec-http2-4.1.39.Final.jar:/Users/luhong/maven/repo/io/netty/netty-codec/4.1.39.Final/netty-codec-4.1.39.Final.jar:/Users/luhong/maven/repo/io/netty/netty-transport/4.1.39.Final/netty-transport-4.1.39.Final.jar:/Users/luhong/maven/repo/io/netty/netty-resolver/4.1.39.Final/netty-resolver-4.1.39.Final.jar:/Users/luhong/maven/repo/io/netty/netty-common/4.1.39.Final/netty-common-4.1.39.Final.jar:/Users/luhong/maven/repo/io/netty/netty-buffer/4.1.39.Final/netty-buffer-4.1.39.Final.jar:/Users/luhong/maven/repo/io/netty/netty-handler/4.1.39.Final/netty-handler-4.1.39.Final.jar:/Users/luhong/maven/repo/io/netty/netty-transport-native-epoll/4.1.39.Final/netty-transport-native-epoll-4.1.39.Final-linux-x86_64.jar:/Users/luhong/maven/repo/io/netty/netty-transport-native-unix-common/4.1.39.Final/netty-transport-native-unix-common-4.1.39.Final.jar:/Users/luhong/maven/repo/com/typesafe/netty/netty-reactive-streams-http/2.0.3/netty-reactive-streams-http-2.0.3.jar:/Users/luhong/maven/repo/com/typesafe/netty/netty-reactive-streams/2.0.3/netty-reactive-streams-2.0.3.jar:/Users/luhong/maven/repo/software/amazon/awssdk/kms/2.8.4/kms-2.8.4.jar:/Users/luhong/maven/repo/junit/junit/4.12/junit-4.12.jar:/Users/luhong/maven/repo/org/hamcrest/hamcrest-core/1.3/hamcrest-core-1.3.jar:/Users/luhong/maven/repo/org/mockito/mockito-core/2.0.100-beta/mockito-core-2.0.100-beta.jar:/Users/luhong/maven/repo/net/bytebuddy/byte-buddy/1.4.17/byte-buddy-1.4.17.jar:/Users/luhong/maven/repo/org/objenesis/objenesis/2.4/objenesis-2.4.jar:/Users/luhong/maven/repo/org/assertj/assertj-core/3.12.1/assertj-core-3.12.1.jar:/Users/luhong/maven/repo/org/apache/logging/log4j/log4j-api/2.10.0/log4j-api-2.10.0.jar:/Users/luhong/maven/repo/org/apache/logging/log4j/log4j-core/2.10.0/log4j-core-2.10.0.jar:/Users/luhong/maven/repo/org/apache/logging/log4j/log4j-slf4j-impl/2.10.0/log4j-slf4j-impl-2.10.0.jar:/Users/luhong/maven/repo/io/cucumber/cucumber-junit/4.7.0/cucumber-junit-4.7.0.jar:/Users/luhong/maven/repo/org/apiguardian/apiguardian-api/1.1.0/apiguardian-api-1.1.0.jar:/Users/luhong/maven/repo/io/cucumber/cucumber-core/4.7.0/cucumber-core-4.7.0.jar:/Users/luhong/maven/repo/io/cucumber/gherkin/5.1.0/gherkin-5.1.0.jar:/Users/luhong/maven/repo/io/cucumber/tag-expressions/1.1.1/tag-expressions-1.1.1.jar:/Users/luhong/maven/repo/io/cucumber/cucumber-expressions/7.0.2/cucumber-expressions-7.0.2.jar:/Users/luhong/maven/repo/io/cucumber/datatable/1.1.14/datatable-1.1.14.jar:/Users/luhong/maven/repo/io/cucumber/datatable-dependencies/1.1.14/datatable-dependencies-1.1.14.jar:/Users/luhong/maven/repo/io/cucumber/cucumber-java/4.7.0/cucumber-java-4.7.0.jar:/Users/luhong/maven/repo/com/amazonaws/aws-java-sdk-opensdk/1.11.392/aws-java-sdk-opensdk-1.11.392.jar:/Users/luhong/maven/repo/com/amazonaws/aws-java-sdk-core/1.11.392/aws-java-sdk-core-1.11.392.jar:/Users/luhong/maven/repo/commons-logging/commons-logging/1.1.3/commons-logging-1.1.3.jar:/Users/luhong/maven/repo/software/amazon/ion/ion-java/1.0.2/ion-java-1.0.2.jar:/Users/luhong/maven/repo/com/fasterxml/jackson/dataformat/jackson-dataformat-cbor/2.6.7/jackson-dataformat-cbor-2.6.7.jar:/Users/luhong/maven/repo/com/google/inject/guice/4.2.2/guice-4.2.2.jar:/Users/luhong/maven/repo/javax/inject/javax.inject/1/javax.inject-1.jar:/Users/luhong/maven/repo/aopalliance/aopalliance/1.0/aopalliance-1.0.jar:/Users/luhong/maven/repo/io/cucumber/cucumber-guice/4.7.2/cucumber-guice-4.7.2.jar:/Users/luhong/maven/repo/software/amazon/awssdk/cognitoidentityprovider/2.8.4/cognitoidentityprovider-2.8.4.jar:/Users/luhong/maven/repo/com/amazonaws/aws-lambda-java-log4j/1.0.0/aws-lambda-java-log4j-1.0.0.jar:/Users/luhong/maven/repo/log4j/log4j/1.2.17/log4j-1.2.17.jar:/Users/luhong/maven/repo/org/slf4j/slf4j-log4j12/1.7.26/slf4j-log4j12-1.7.26.jar:/Users/luhong/maven/repo/org/glassfish/jersey/inject/jersey-hk2/2.29/jersey-hk2-2.29.jar:/Users/luhong/maven/repo/org/glassfish/hk2/hk2-locator/2.5.0/hk2-locator-2.5.0.jar:/Users/luhong/maven/repo/org/javassist/javassist/3.22.0-CR2/javassist-3.22.0-CR2.jar:"/>
    <property name="sun.cpu.endian" value="little"/>
    <property name="user.home" value="/Users/luhong"/>
    <property name="user.language" value="en"/>
    <property name="java.specification.vendor" value="Oracle Corporation"/>
    <property name="java.home" value="/Library/Java/JavaVirtualMachines/jdk1.8.0_202.jdk/Contents/Home/jre"/>
    <property name="basedir" value="/Users/luhong/maven/projects/aws-serverless-app-repo-reference-implementation/aws-serverless-app-repo-reference-backend"/>
    <property name="file.separator" value="/"/>
    <property name="line.separator" value="&#10;"/>
    <property name="java.vm.specification.vendor" value="Oracle Corporation"/>
    <property name="java.specification.name" value="Java Platform API Specification"/>
    <property name="java.awt.graphicsenv" value="sun.awt.CGraphicsEnvironment"/>
    <property name="surefire.real.class.path" value="/Users/luhong/maven/projects/aws-serverless-app-repo-reference-implementation/aws-serverless-app-repo-reference-backend/target/surefire/surefirebooter6988686880144993785.jar:/Users/luhong/maven/repo/org/jacoco/org.jacoco.agent/0.8.0/org.jacoco.agent-0.8.0-runtime.jar"/>
    <property name="sun.boot.class.path" value="/Library/Java/JavaVirtualMachines/jdk1.8.0_202.jdk/Contents/Home/jre/lib/resources.jar:/Library/Java/JavaVirtualMachines/jdk1.8.0_202.jdk/Contents/Home/jre/lib/rt.jar:/Library/Java/JavaVirtualMachines/jdk1.8.0_202.jdk/Contents/Home/jre/lib/sunrsasign.jar:/Library/Java/JavaVirtualMachines/jdk1.8.0_202.jdk/Contents/Home/jre/lib/jsse.jar:/Library/Java/JavaVirtualMachines/jdk1.8.0_202.jdk/Contents/Home/jre/lib/jce.jar:/Library/Java/JavaVirtualMachines/jdk1.8.0_202.jdk/Contents/Home/jre/lib/charsets.jar:/Library/Java/JavaVirtualMachines/jdk1.8.0_202.jdk/Contents/Home/jre/lib/jfr.jar:/Library/Java/JavaVirtualMachines/jdk1.8.0_202.jdk/Contents/Home/jre/classes"/>
    <property name="sun.management.compiler" value="HotSpot 64-Bit Tiered Compilers"/>
    <property name="java.runtime.version" value="1.8.0_202-b08"/>
    <property name="user.name" value="luhong"/>
    <property name="path.separator" value=":"/>
    <property name="os.version" value="10.14.6"/>
    <property name="java.endorsed.dirs" value="/Library/Java/JavaVirtualMachines/jdk1.8.0_202.jdk/Contents/Home/jre/lib/endorsed"/>
    <property name="java.runtime.name" value="Java(TM) SE Runtime Environment"/>
    <property name="file.encoding" value="UTF-8"/>
    <property name="java.vm.name" value="Java HotSpot(TM) 64-Bit Server VM"/>
    <property name="localRepository" value="/Users/luhong/maven/repo"/>
    <property name="java.vendor.url.bug" value="http://bugreport.sun.com/bugreport/"/>
    <property name="java.io.tmpdir" value="/var/folders/5h/7k35qgf92fn0965qr4mb6sf0p0y8cp/T/"/>
    <property name="java.version" value="1.8.0_202"/>
    <property name="user.dir" value="/Users/luhong/maven/projects/aws-serverless-app-repo-reference-implementation/aws-serverless-app-repo-reference-backend"/>
    <property name="os.arch" value="x86_64"/>
    <property name="java.vm.specification.name" value="Java Virtual Machine Specification"/>
    <property name="java.awt.printerjob" value="sun.lwawt.macosx.CPrinterJob"/>
    <property name="sun.os.patch.level" value="unknown"/>
    <property name="java.library.path" value="/Users/luhong/Library/Java/Extensions:/Library/Java/Extensions:/Network/Library/Java/Extensions:/System/Library/Java/Extensions:/usr/lib/java:."/>
    <property name="java.vm.info" value="mixed mode"/>
    <property name="java.vendor" value="Oracle Corporation"/>
    <property name="java.vm.version" value="25.202-b08"/>
    <property name="java.ext.dirs" value="/Users/luhong/Library/Java/Extensions:/Library/Java/JavaVirtualMachines/jdk1.8.0_202.jdk/Contents/Home/jre/lib/ext:/Library/Java/Extensions:/Network/Library/Java/Extensions:/System/Library/Java/Extensions:/usr/lib/java"/>
    <property name="sun.io.unicode.encoding" value="UnicodeBig"/>
    <property name="java.class.version" value="52.0"/>
  </properties>
  <testcase name="updateApplication_author" classname="com.amazonaws.serverless.apprepo.api.impl.ApplicationsServiceTest" time="1.998"/>
  <testcase name="createApplication" classname="com.amazonaws.serverless.apprepo.api.impl.ApplicationsServiceTest" time="0.074"/>
  <testcase name="listApplications_maxItems" classname="com.amazonaws.serverless.apprepo.api.impl.ApplicationsServiceTest" time="0.073"/>
  <testcase name="updateApplication_homePageUrl" classname="com.amazonaws.serverless.apprepo.api.impl.ApplicationsServiceTest" time="0.052"/>
  <testcase name="getApplication_empty_notFound" classname="com.amazonaws.serverless.apprepo.api.impl.ApplicationsServiceTest" time="0.106"/>
  <testcase name="getApplication_null_notFound" classname="com.amazonaws.serverless.apprepo.api.impl.ApplicationsServiceTest" time="0.04"/>
  <testcase name="listApplications_nextToken_exception" classname="com.amazonaws.serverless.apprepo.api.impl.ApplicationsServiceTest" time="0.042"/>
  <testcase name="updateApplication_noUpdate" classname="com.amazonaws.serverless.apprepo.api.impl.ApplicationsServiceTest" time="0.037"/>
  <testcase name="listApplications_nextToken" classname="com.amazonaws.serverless.apprepo.api.impl.ApplicationsServiceTest" time="0.051"/>
  <testcase name="listApplications" classname="com.amazonaws.serverless.apprepo.api.impl.ApplicationsServiceTest" time="0.034"/>
  <testcase name="getApplication" classname="com.amazonaws.serverless.apprepo.api.impl.ApplicationsServiceTest" time="0.031"/>
  <testcase name="deleteApplication" classname="com.amazonaws.serverless.apprepo.api.impl.ApplicationsServiceTest" time="0.098"/>
  <testcase name="updateApplication_description" classname="com.amazonaws.serverless.apprepo.api.impl.ApplicationsServiceTest" time="0.024"/>
  <testcase name="createApplication_alreadyExist" classname="com.amazonaws.serverless.apprepo.api.impl.ApplicationsServiceTest" time="0.026"/>
</testsuite>